<?xml version="1.0" encoding="UTF-8"?>
<testsuites name="Pyrosoma" time="50" tests="2" failures="0" errors="0">
   <testsuite name="Pyrosoma" tests="2" failures="0" errors="0" time="50" timestamp="2018-04-19 08:54:11" hostname="ciptawiliansyah - 10.0.14.64" id="Test Suites/Pyrosoma">
      <properties>
         <property name="deviceName" value=""/>
         <property name="devicePlatform" value=""/>
         <property name="logFolder" value="/Users/ciptawiliansyah/Katalon Studio/Pyrosom/Reports/Pyrosoma/20180419_085359"/>
         <property name="logFiles" value="/Users/ciptawiliansyah/Katalon Studio/Pyrosom/Reports/Pyrosoma/20180419_085359/execution0.log"/>
         <property name="attachments" value=""/>
         <property name="hostName" value="ciptawiliansyah - 10.0.14.64"/>
         <property name="os" value="Mac OS X 64bit"/>
         <property name="katalonVersion" value="5.4.0.1"/>
         <property name="browser" value="Chrome 65.0.3325.181"/>
         <property name="hostAddress" value="10.0.14.64"/>
         <property name="sessionId" value="c09153d604a0a8b44fd0a5c344a78d51"/>
         <property name="seleniumVersion" value="3.7.1"/>
         <property name="proxyInformation" value="ProxyInformation{proxyOption=NO_PROXY, proxyServerType=HTTP, password=, proxyServerAddress=, proxyServerPort=0}"/>
         <property name="platform" value="Mac OS X"/>
      </properties>
      <testcase name="Test Cases/Login.Pyrosoma" classname="Test Cases/Login.Pyrosoma" status="PASSED">
         <system-out><![CDATA[2018-04-19 08:54:12 - [TEST_CASE][PASSED] - Test Cases/Login.Pyrosoma: Test Cases/Login.Pyrosoma

2018-04-19 08:54:12 - [TEST_STEP][PASSED] - openBrowser: Browser is opened with url: ''

2018-04-19 08:54:16 - [MESSAGE][PASSED] - Browser is opened with url: ''

2018-04-19 08:54:16 - [TEST_STEP][PASSED] - navigateToUrl: Navigate to 'http://staging.pyrosoma.bhinneka.com/' successfully

2018-04-19 08:54:20 - [MESSAGE][PASSED] - Navigate to 'http://staging.pyrosoma.bhinneka.com/' successfully

2018-04-19 08:54:20 - [TEST_STEP][PASSED] - click: Object: 'Object Repository/Page_Pyrosoma/button_Sign In' is clicked on

2018-04-19 08:54:22 - [MESSAGE][PASSED] - Object: 'Object Repository/Page_Pyrosoma/button_Sign In' is clicked on

2018-04-19 08:54:22 - [TEST_STEP][PASSED] - setText: Text 'autoqa@bhinneka.com' is set on object 'Object Repository/Page_Sign in to your account/input_loginfmt'

2018-04-19 08:54:23 - [MESSAGE][PASSED] - Text 'autoqa@bhinneka.com' is set on object 'Object Repository/Page_Sign in to your account/input_loginfmt'

2018-04-19 08:54:23 - [TEST_STEP][PASSED] - click: Object: 'Object Repository/Page_Sign in to your account/input_idSIButton9' is clicked on

2018-04-19 08:54:24 - [MESSAGE][PASSED] - Object: 'Object Repository/Page_Sign in to your account/input_idSIButton9' is clicked on

2018-04-19 08:54:24 - [TEST_STEP][PASSED] - setText: Text 'Bhinneka321' is set on object 'Object Repository/Page_Sign in to your account/input_passwd'

2018-04-19 08:54:25 - [MESSAGE][PASSED] - Text 'Bhinneka321' is set on object 'Object Repository/Page_Sign in to your account/input_passwd'

2018-04-19 08:54:25 - [TEST_STEP][PASSED] - click: Object: 'Object Repository/Page_Sign in to your account/input_idSIButton9' is clicked on

2018-04-19 08:54:26 - [MESSAGE][PASSED] - Object: 'Object Repository/Page_Sign in to your account/input_idSIButton9' is clicked on

2018-04-19 08:54:26 - [TEST_STEP][PASSED] - click: Object: 'Object Repository/Page_Sign in to your account/input_idSIButton9' is clicked on

2018-04-19 08:54:27 - [MESSAGE][PASSED] - Object: 'Object Repository/Page_Sign in to your account/input_idSIButton9' is clicked on

2018-04-19 08:54:27 - [TEST_STEP][PASSED] - click: Object: 'Object Repository/Page_Pyrosoma/h4_Dashboard' is clicked on

2018-04-19 08:54:28 - [MESSAGE][PASSED] - Object: 'Object Repository/Page_Pyrosoma/h4_Dashboard' is clicked on

2018-04-19 08:54:28 - [TEST_STEP][PASSED] - click: Object: 'Object Repository/Page_Pyrosoma/div_Selamat Datang' is clicked on

2018-04-19 08:54:28 - [MESSAGE][PASSED] - Object: 'Object Repository/Page_Pyrosoma/div_Selamat Datang' is clicked on]]></system-out>
         <system-err><![CDATA[]]></system-err>
      </testcase>
      <testcase name="Test Cases/Logout.Pyrosoma" classname="Test Cases/Logout.Pyrosoma" status="PASSED">
         <system-out><![CDATA[2018-04-19 08:54:28 - [TEST_CASE][PASSED] - Test Cases/Logout.Pyrosoma: Test Cases/Logout.Pyrosoma

2018-04-19 08:54:29 - [TEST_STEP][PASSED] - click: Object: 'Object Repository/Page_Pyrosoma/a_Cipta Wiliansyah' is clicked on

2018-04-19 08:55:00 - [MESSAGE][PASSED] - Object: 'Object Repository/Page_Pyrosoma/a_Cipta Wiliansyah' is clicked on

2018-04-19 08:55:00 - [TEST_STEP][PASSED] - click: Object: 'Object Repository/Page_Pyrosoma/a_Sign out' is clicked on

2018-04-19 08:55:01 - [MESSAGE][PASSED] - Object: 'Object Repository/Page_Pyrosoma/a_Sign out' is clicked on

2018-04-19 08:55:01 - [TEST_STEP][PASSED] - closeBrowser: Browser is closed

2018-04-19 08:55:01 - [MESSAGE][PASSED] - Browser is closed]]></system-out>
         <system-err><![CDATA[]]></system-err>
      </testcase>
      <system-out><![CDATA[2018-04-19 08:54:11 - [TEST_SUITE][PASSED] - Pyrosoma: Test Cases/Logout.Pyrosoma]]></system-out>
      <system-err><![CDATA[]]></system-err>
   </testsuite>
</testsuites>
